android/app/build/intermediates/manifest_merge_blame_file/release/manifest-merger-blame-release-report.txt
1<?xml version="1.0" encoding="utf-8"?>
2<manifest xmlns:android="http://schemas.android.com/apk/res/android"
3    package="com.Neurom"
4    android:versionCode="9"
5    android:versionName="1.0.2" >
6
7    <uses-sdk
8        android:minSdkVersion="23"
9        android:targetSdkVersion="36" />
10
11    <!-- Android 11+ package visibility: allow querying WhatsApp for canOpenURL/intents -->
12    <queries>
12-->src\main\AndroidManifest.xml:4:5-25:15
13
14        <!-- WhatsApp specific -->
15        <package android:name="com.whatsapp" />
15-->src\main\AndroidManifest.xml:6:9-48
15-->src\main\AndroidManifest.xml:6:18-45
16        <package android:name="com.whatsapp.w4b" />
16-->src\main\AndroidManifest.xml:7:9-52
16-->src\main\AndroidManifest.xml:7:18-49
17        <package android:name="com.twitter.android" />
17-->src\main\AndroidManifest.xml:8:9-55
17-->src\main\AndroidManifest.xml:8:18-52
18        <package android:name="com.instagram.android" />
18-->src\main\AndroidManifest.xml:9:9-57
18-->src\main\AndroidManifest.xml:9:18-54
19        <!-- Generic: for any app supporting ACTION_SEND -->
20        <intent>
20-->src\main\AndroidManifest.xml:11:9-14:18
21            <action android:name="android.intent.action.SEND" />
21-->src\main\AndroidManifest.xml:12:13-65
21-->src\main\AndroidManifest.xml:12:21-62
22
23            <data android:mimeType="*/*" />
23-->src\main\AndroidManifest.xml:13:13-44
23-->src\main\AndroidManifest.xml:13:19-41
24        </intent>
25
26        <!-- Optional: open URLs / web-based intents -->
27        <intent>
27-->src\main\AndroidManifest.xml:17:9-20:18
28            <action android:name="android.intent.action.VIEW" />
28-->src\main\AndroidManifest.xml:18:13-65
28-->src\main\AndroidManifest.xml:18:21-62
29
30            <data android:scheme="http" />
30-->src\main\AndroidManifest.xml:13:13-44
30-->src\main\AndroidManifest.xml:19:19-40
31        </intent>
32        <intent>
32-->src\main\AndroidManifest.xml:21:9-24:18
33            <action android:name="android.intent.action.VIEW" />
33-->src\main\AndroidManifest.xml:18:13-65
33-->src\main\AndroidManifest.xml:18:21-62
34
35            <data android:scheme="https" />
35-->src\main\AndroidManifest.xml:13:13-44
35-->src\main\AndroidManifest.xml:19:19-40
36        </intent>
37
38        <package android:name="androidx.test.orchestrator" />
38-->[androidx.test:runner:1.4.0] AndroidManifest.xml:25:9-62
38-->[androidx.test:runner:1.4.0] AndroidManifest.xml:25:18-59
39        <package android:name="androidx.test.services" />
39-->[androidx.test:runner:1.4.0] AndroidManifest.xml:26:9-58
39-->[androidx.test:runner:1.4.0] AndroidManifest.xml:26:18-55
40        <package android:name="com.google.android.apps.common.testing.services" />
40-->[androidx.test:runner:1.4.0] AndroidManifest.xml:27:9-83
40-->[androidx.test:runner:1.4.0] AndroidManifest.xml:27:18-80
41    </queries>
42
43    <uses-permission android:name="android.permission.INTERNET" />
43-->src\main\AndroidManifest.xml:27:5-67
43-->src\main\AndroidManifest.xml:27:22-64
44    <uses-permission android:name="android.permission.ACCESS_FINE_LOCATION" />
44-->src\main\AndroidManifest.xml:28:5-79
44-->src\main\AndroidManifest.xml:28:22-76
45    <uses-permission android:name="android.permission.ACCESS_COARSE_LOCATION" />
45-->src\main\AndroidManifest.xml:29:5-81
45-->src\main\AndroidManifest.xml:29:22-78
46    <uses-permission android:name="android.permission.POST_NOTIFICATIONS" />
46-->src\main\AndroidManifest.xml:30:5-77
46-->src\main\AndroidManifest.xml:30:22-74
47    <uses-permission android:name="android.permission.FOREGROUND_SERVICE" />
47-->src\main\AndroidManifest.xml:31:5-77
47-->src\main\AndroidManifest.xml:31:22-74
48    <uses-permission android:name="android.permission.FOREGROUND_SERVICE_MEDIA_PLAYBACK" />
48-->src\main\AndroidManifest.xml:32:5-92
48-->src\main\AndroidManifest.xml:32:22-89
49    <uses-permission android:name="android.permission.WAKE_LOCK" />
49-->src\main\AndroidManifest.xml:33:5-68
49-->src\main\AndroidManifest.xml:33:22-65
50    <uses-permission android:name="android.permission.ACCESS_NETWORK_STATE" />
50-->[:react-native-community_netinfo] AndroidManifest.xml:7:5-79
50-->[:react-native-community_netinfo] AndroidManifest.xml:7:22-76
51    <uses-permission android:name="android.permission.ACCESS_WIFI_STATE" /> <!-- Required to read and write the expansion files on shared storage -->
51-->[:react-native-community_netinfo] AndroidManifest.xml:8:5-76
51-->[:react-native-community_netinfo] AndroidManifest.xml:8:22-73
52    <uses-permission android:name="android.permission.WRITE_EXTERNAL_STORAGE" /> <!-- Required to read and write the expansion files on shared storage for Android 11 -->
52-->[:react-native-blob-util] AndroidManifest.xml:26:5-81
52-->[:react-native-blob-util] AndroidManifest.xml:26:22-78
53    <uses-permission android:name="android.permission.READ_EXTERNAL_STORAGE" /> <!-- Required to to download files without a notification -->
53-->[:react-native-blob-util] AndroidManifest.xml:29:5-80
53-->[:react-native-blob-util] AndroidManifest.xml:29:22-77
54    <uses-permission android:name="android.permission.DOWNLOAD_WITHOUT_NOTIFICATION" />
54-->[:react-native-blob-util] AndroidManifest.xml:32:5-88
54-->[:react-native-blob-util] AndroidManifest.xml:32:22-85
55    <uses-permission android:name="android.permission.RECEIVE_BOOT_COMPLETED" /> <!-- Required by older versions of Google Play services to create IID tokens -->
55-->[androidx.work:work-runtime:2.8.0] AndroidManifest.xml:25:5-81
55-->[androidx.work:work-runtime:2.8.0] AndroidManifest.xml:25:22-78
56    <uses-permission android:name="com.google.android.c2dm.permission.RECEIVE" />
56-->[com.google.firebase:firebase-messaging:25.0.1] AndroidManifest.xml:26:5-82
56-->[com.google.firebase:firebase-messaging:25.0.1] AndroidManifest.xml:26:22-79
57
58    <permission
58-->[androidx.core:core:1.13.1] AndroidManifest.xml:22:5-24:47
59        android:name="com.Neurom.DYNAMIC_RECEIVER_NOT_EXPORTED_PERMISSION"
59-->[androidx.core:core:1.13.1] AndroidManifest.xml:23:9-81
60        android:protectionLevel="signature" />
60-->[androidx.core:core:1.13.1] AndroidManifest.xml:24:9-44
61
62    <uses-permission android:name="com.Neurom.DYNAMIC_RECEIVER_NOT_EXPORTED_PERMISSION" />
62-->[androidx.core:core:1.13.1] AndroidManifest.xml:26:5-97
62-->[androidx.core:core:1.13.1] AndroidManifest.xml:26:22-94
63    <uses-permission android:name="android.permission.VIBRATE" />
63-->[app.notifee:core:202108261754] AndroidManifest.xml:13:5-66
63-->[app.notifee:core:202108261754] AndroidManifest.xml:13:22-63
64    <uses-permission android:name="android.permission.SCHEDULE_EXACT_ALARM" />
64-->[app.notifee:core:202108261754] AndroidManifest.xml:16:5-79
64-->[app.notifee:core:202108261754] AndroidManifest.xml:16:22-76
65    <uses-permission
65-->[app.notifee:core:202108261754] AndroidManifest.xml:17:5-19:38
66        android:name="android.permission.BROADCAST_CLOSE_SYSTEM_DIALOGS"
66-->[app.notifee:core:202108261754] AndroidManifest.xml:18:9-73
67        android:maxSdkVersion="30" /> <!-- For Xiaomi devices to enable heads-up notifications as default (https://github.com/invertase/notifee/issues/296) -->
67-->[app.notifee:core:202108261754] AndroidManifest.xml:19:9-35
68    <uses-permission
68-->[app.notifee:core:202108261754] AndroidManifest.xml:21:5-23:38
69        android:name="android.permission.ACCESS_NOTIFICATION_POLICY"
69-->[app.notifee:core:202108261754] AndroidManifest.xml:22:9-69
70        android:minSdkVersion="23" />
70-->[app.notifee:core:202108261754] AndroidManifest.xml:23:9-35
71    <uses-permission android:name="com.google.android.finsky.permission.BIND_GET_INSTALL_REFERRER_SERVICE" />
71-->[com.android.installreferrer:installreferrer:1.1.2] AndroidManifest.xml:9:5-110
71-->[com.android.installreferrer:installreferrer:1.1.2] AndroidManifest.xml:9:22-107
72
73    <application
73-->src\main\AndroidManifest.xml:38:5-81:19
74        android:name="com.Neurom.MainApplication"
74-->src\main\AndroidManifest.xml:39:7-38
75        android:allowBackup="false"
75-->src\main\AndroidManifest.xml:42:7-34
76        android:appComponentFactory="androidx.core.app.CoreComponentFactory"
76-->[androidx.core:core:1.13.1] AndroidManifest.xml:28:18-86
77        android:extractNativeLibs="false"
77-->src\main\AndroidManifest.xml:44:7-40
78        android:icon="@mipmap/ic_launcher"
78-->src\main\AndroidManifest.xml:41:7-41
79        android:label="@string/app_name"
79-->src\main\AndroidManifest.xml:40:7-39
80        android:networkSecurityConfig="@xml/network_security_config"
80-->src\main\AndroidManifest.xml:45:7-67
81        android:theme="@style/AppTheme" >
81-->src\main\AndroidManifest.xml:43:7-38
82        <meta-data
82-->src\main\AndroidManifest.xml:47:5-49:30
83            android:name="android.window.extensions.disableEdgeToEdge"
83-->src\main\AndroidManifest.xml:48:7-65
84            android:value="true" />
84-->src\main\AndroidManifest.xml:49:7-27
85
86        <activity
86-->src\main\AndroidManifest.xml:51:7-80:18
87            android:name="com.Neurom.MainActivity"
87-->src\main\AndroidManifest.xml:52:9-37
88            android:configChanges="keyboard|keyboardHidden|orientation|screenLayout|screenSize|smallestScreenSize|uiMode"
88-->src\main\AndroidManifest.xml:54:9-118
89            android:exported="true"
89-->src\main\AndroidManifest.xml:58:9-32
90            android:label="@string/app_name"
90-->src\main\AndroidManifest.xml:53:9-41
91            android:launchMode="singleTask"
91-->src\main\AndroidManifest.xml:56:9-40
92            android:screenOrientation="portrait"
92-->src\main\AndroidManifest.xml:55:9-45
93            android:windowSoftInputMode="adjustResize" >
93-->src\main\AndroidManifest.xml:57:9-51
94            <intent-filter>
94-->src\main\AndroidManifest.xml:59:9-62:25
95                <action android:name="android.intent.action.MAIN" />
95-->src\main\AndroidManifest.xml:60:13-65
95-->src\main\AndroidManifest.xml:60:21-62
96
97                <category android:name="android.intent.category.LAUNCHER" />
97-->src\main\AndroidManifest.xml:61:13-73
97-->src\main\AndroidManifest.xml:61:23-70
98            </intent-filter>
99
100            <!-- Deep link: custom scheme for article view (shortly://article/{id}) -->
101            <intent-filter>
101-->src\main\AndroidManifest.xml:65:9-70:25
102                <action android:name="android.intent.action.VIEW" />
102-->src\main\AndroidManifest.xml:18:13-65
102-->src\main\AndroidManifest.xml:18:21-62
103
104                <category android:name="android.intent.category.DEFAULT" />
104-->src\main\AndroidManifest.xml:67:13-72
104-->src\main\AndroidManifest.xml:67:23-69
105                <category android:name="android.intent.category.BROWSABLE" />
105-->src\main\AndroidManifest.xml:68:13-74
105-->src\main\AndroidManifest.xml:68:23-71
106
107                <data
107-->src\main\AndroidManifest.xml:13:13-44
108                    android:host="article"
108-->src\main\AndroidManifest.xml:69:44-66
109                    android:scheme="shortly" />
109-->src\main\AndroidManifest.xml:19:19-40
110            </intent-filter>
111
112            <!-- Optional: HTTP(s) app link to open articles directly from web links -->
113            <intent-filter>
113-->src\main\AndroidManifest.xml:73:9-79:25
114                <action android:name="android.intent.action.VIEW" />
114-->src\main\AndroidManifest.xml:18:13-65
114-->src\main\AndroidManifest.xml:18:21-62
115
116                <category android:name="android.intent.category.DEFAULT" />
116-->src\main\AndroidManifest.xml:67:13-72
116-->src\main\AndroidManifest.xml:67:23-69
117                <category android:name="android.intent.category.BROWSABLE" />
117-->src\main\AndroidManifest.xml:68:13-74
117-->src\main\AndroidManifest.xml:68:23-71
118
119                <data
119-->src\main\AndroidManifest.xml:13:13-44
120                    android:host="shortlyindia.com"
120-->src\main\AndroidManifest.xml:69:44-66
121                    android:pathPrefix="/article"
121-->src\main\AndroidManifest.xml:77:74-103
122                    android:scheme="https" />
122-->src\main\AndroidManifest.xml:19:19-40
123                <data
123-->src\main\AndroidManifest.xml:13:13-44
124                    android:host="shortlyindia.com"
124-->src\main\AndroidManifest.xml:69:44-66
125                    android:pathPrefix="/article"
125-->src\main\AndroidManifest.xml:77:74-103
126                    android:scheme="http" />
126-->src\main\AndroidManifest.xml:19:19-40
127            </intent-filter>
128        </activity>
129
130        <provider
130-->[:notifee_react-native] AndroidManifest.xml:8:9-12:40
131            android:name="io.invertase.notifee.NotifeeInitProvider"
131-->[:notifee_react-native] AndroidManifest.xml:9:13-68
132            android:authorities="com.Neurom.notifee-init-provider"
132-->[:notifee_react-native] AndroidManifest.xml:10:13-73
133            android:exported="false"
133-->[:notifee_react-native] AndroidManifest.xml:11:13-37
134            android:initOrder="-100" />
134-->[:notifee_react-native] AndroidManifest.xml:12:13-37
135
136        <service
136-->[:react-native-firebase_messaging] AndroidManifest.xml:12:9-14:40
137            android:name="io.invertase.firebase.messaging.ReactNativeFirebaseMessagingHeadlessService"
137-->[:react-native-firebase_messaging] AndroidManifest.xml:13:13-103
138            android:exported="false" />
138-->[:react-native-firebase_messaging] AndroidManifest.xml:14:13-37
139        <service
139-->[:react-native-firebase_messaging] AndroidManifest.xml:15:9-21:19
140            android:name="io.invertase.firebase.messaging.ReactNativeFirebaseMessagingService"
140-->[:react-native-firebase_messaging] AndroidManifest.xml:16:13-95
141            android:exported="false" >
141-->[:react-native-firebase_messaging] AndroidManifest.xml:17:13-37
142            <intent-filter>
142-->[:react-native-firebase_messaging] AndroidManifest.xml:18:13-20:29
143                <action android:name="com.google.firebase.MESSAGING_EVENT" />
143-->[:react-native-firebase_messaging] AndroidManifest.xml:19:17-78
143-->[:react-native-firebase_messaging] AndroidManifest.xml:19:25-75
144            </intent-filter>
145        </service>
146
147        <receiver
147-->[:react-native-firebase_messaging] AndroidManifest.xml:23:9-30:20
148            android:name="io.invertase.firebase.messaging.ReactNativeFirebaseMessagingReceiver"
148-->[:react-native-firebase_messaging] AndroidManifest.xml:24:13-96
149            android:exported="true"
149-->[:react-native-firebase_messaging] AndroidManifest.xml:25:13-36
150            android:permission="com.google.android.c2dm.permission.SEND" >
150-->[:react-native-firebase_messaging] AndroidManifest.xml:26:13-73
151            <intent-filter>
151-->[:react-native-firebase_messaging] AndroidManifest.xml:27:13-29:29
152                <action android:name="com.google.android.c2dm.intent.RECEIVE" />
152-->[:react-native-firebase_messaging] AndroidManifest.xml:28:17-81
152-->[:react-native-firebase_messaging] AndroidManifest.xml:28:25-78
153            </intent-filter>
154        </receiver>
155
156        <meta-data
156-->[:react-native-firebase_messaging] AndroidManifest.xml:32:9-34:37
157            android:name="delivery_metrics_exported_to_big_query_enabled"
157-->[:react-native-firebase_messaging] AndroidManifest.xml:33:13-74
158            android:value="false" />
158-->[:react-native-firebase_messaging] AndroidManifest.xml:34:13-34
159        <meta-data
159-->[:react-native-firebase_messaging] AndroidManifest.xml:35:9-37:36
160            android:name="firebase_messaging_auto_init_enabled"
160-->[:react-native-firebase_messaging] AndroidManifest.xml:36:13-64
161            android:value="true" />
161-->[:react-native-firebase_messaging] AndroidManifest.xml:37:13-33
162        <meta-data
162-->[:react-native-firebase_messaging] AndroidManifest.xml:38:9-40:37
163            android:name="firebase_messaging_notification_delegation_enabled"
163-->[:react-native-firebase_messaging] AndroidManifest.xml:39:13-78
164            android:value="false" />
164-->[:react-native-firebase_messaging] AndroidManifest.xml:40:13-34
165        <meta-data
165-->[:react-native-firebase_messaging] AndroidManifest.xml:41:9-43:32
166            android:name="com.google.firebase.messaging.default_notification_channel_id"
166-->[:react-native-firebase_messaging] AndroidManifest.xml:42:13-89
167            android:value="" />
167-->[:react-native-firebase_messaging] AndroidManifest.xml:43:13-29
168        <meta-data
168-->[:react-native-firebase_messaging] AndroidManifest.xml:44:9-46:47
169            android:name="com.google.firebase.messaging.default_notification_color"
169-->[:react-native-firebase_messaging] AndroidManifest.xml:45:13-84
170            android:resource="@color/white" />
170-->[:react-native-firebase_messaging] AndroidManifest.xml:46:13-44
171        <meta-data
171-->[:react-native-firebase_app] AndroidManifest.xml:9:9-11:36
172            android:name="app_data_collection_default_enabled"
172-->[:react-native-firebase_app] AndroidManifest.xml:10:13-63
173            android:value="true" />
173-->[:react-native-firebase_app] AndroidManifest.xml:11:13-33
174
175        <service
175-->[:react-native-firebase_app] AndroidManifest.xml:13:9-21:19
176            android:name="com.google.firebase.components.ComponentDiscoveryService"
176-->[:react-native-firebase_app] AndroidManifest.xml:14:13-84
177            android:directBootAware="true"
177-->[:react-native-firebase_app] AndroidManifest.xml:15:13-43
178            android:exported="false" >
178-->[:react-native-firebase_app] AndroidManifest.xml:16:13-37
179            <meta-data
179-->[:react-native-firebase_app] AndroidManifest.xml:18:13-20:85
180                android:name="com.google.firebase.components:io.invertase.firebase.app.ReactNativeFirebaseAppRegistrar"
180-->[:react-native-firebase_app] AndroidManifest.xml:19:17-120
181                android:value="com.google.firebase.components.ComponentRegistrar" />
181-->[:react-native-firebase_app] AndroidManifest.xml:20:17-82
182            <meta-data
182-->[com.google.firebase:firebase-messaging:25.0.1] AndroidManifest.xml:57:13-59:85
183                android:name="com.google.firebase.components:com.google.firebase.messaging.FirebaseMessagingKtxRegistrar"
183-->[com.google.firebase:firebase-messaging:25.0.1] AndroidManifest.xml:58:17-122
184                android:value="com.google.firebase.components.ComponentRegistrar" />
184-->[com.google.firebase:firebase-messaging:25.0.1] AndroidManifest.xml:59:17-82
185            <meta-data
185-->[com.google.firebase:firebase-messaging:25.0.1] AndroidManifest.xml:60:13-62:85
186                android:name="com.google.firebase.components:com.google.firebase.messaging.FirebaseMessagingRegistrar"
186-->[com.google.firebase:firebase-messaging:25.0.1] AndroidManifest.xml:61:17-119
187                android:value="com.google.firebase.components.ComponentRegistrar" />
187-->[com.google.firebase:firebase-messaging:25.0.1] AndroidManifest.xml:62:17-82
188            <meta-data
188-->[com.google.firebase:firebase-installations:19.0.1] AndroidManifest.xml:15:13-17:85
189                android:name="com.google.firebase.components:com.google.firebase.installations.FirebaseInstallationsKtxRegistrar"
189-->[com.google.firebase:firebase-installations:19.0.1] AndroidManifest.xml:16:17-130
190                android:value="com.google.firebase.components.ComponentRegistrar" />
190-->[com.google.firebase:firebase-installations:19.0.1] AndroidManifest.xml:17:17-82
191            <meta-data
191-->[com.google.firebase:firebase-installations:19.0.1] AndroidManifest.xml:18:13-20:85
192                android:name="com.google.firebase.components:com.google.firebase.installations.FirebaseInstallationsRegistrar"
192-->[com.google.firebase:firebase-installations:19.0.1] AndroidManifest.xml:19:17-127
193                android:value="com.google.firebase.components.ComponentRegistrar" />
193-->[com.google.firebase:firebase-installations:19.0.1] AndroidManifest.xml:20:17-82
194            <meta-data
194-->[com.google.firebase:firebase-common:22.0.1] AndroidManifest.xml:35:13-37:85
195                android:name="com.google.firebase.components:com.google.firebase.FirebaseCommonKtxRegistrar"
195-->[com.google.firebase:firebase-common:22.0.1] AndroidManifest.xml:36:17-109
196                android:value="com.google.firebase.components.ComponentRegistrar" />
196-->[com.google.firebase:firebase-common:22.0.1] AndroidManifest.xml:37:17-82
197            <meta-data
197-->[com.google.firebase:firebase-datatransport:18.2.0] AndroidManifest.xml:25:13-27:85
198                android:name="com.google.firebase.components:com.google.firebase.datatransport.TransportRegistrar"
198-->[com.google.firebase:firebase-datatransport:18.2.0] AndroidManifest.xml:26:17-115
199                android:value="com.google.firebase.components.ComponentRegistrar" />
199-->[com.google.firebase:firebase-datatransport:18.2.0] AndroidManifest.xml:27:17-82
200        </service>
201
202        <provider
202-->[:react-native-firebase_app] AndroidManifest.xml:23:9-27:38
203            android:name="io.invertase.firebase.app.ReactNativeFirebaseAppInitProvider"
203-->[:react-native-firebase_app] AndroidManifest.xml:24:13-88
204            android:authorities="com.Neurom.reactnativefirebaseappinitprovider"
204-->[:react-native-firebase_app] AndroidManifest.xml:25:13-86
205            android:exported="false"
205-->[:react-native-firebase_app] AndroidManifest.xml:26:13-37
206            android:initOrder="99" />
206-->[:react-native-firebase_app] AndroidManifest.xml:27:13-35
207        <provider
207-->[:react-native-blob-util] AndroidManifest.xml:35:9-43:20
208            android:name="com.ReactNativeBlobUtil.Utils.FileProvider"
208-->[:react-native-blob-util] AndroidManifest.xml:36:13-70
209            android:authorities="com.Neurom.provider"
209-->[:react-native-blob-util] AndroidManifest.xml:37:13-60
210            android:exported="false"
210-->[:react-native-blob-util] AndroidManifest.xml:38:13-37
211            android:grantUriPermissions="true" >
211-->[:react-native-blob-util] AndroidManifest.xml:39:13-47
212            <meta-data
212-->[:react-native-blob-util] AndroidManifest.xml:40:13-42:58
213                android:name="android.support.FILE_PROVIDER_PATHS"
213-->[:react-native-blob-util] AndroidManifest.xml:41:17-67
214                android:resource="@xml/provider_paths" />
214-->[:react-native-blob-util] AndroidManifest.xml:42:17-55
215        </provider>
216        <provider
216-->[:react-native-image-picker] AndroidManifest.xml:8:9-16:20
217            android:name="com.imagepicker.ImagePickerProvider"
217-->[:react-native-image-picker] AndroidManifest.xml:9:13-63
218            android:authorities="com.Neurom.imagepickerprovider"
218-->[:react-native-image-picker] AndroidManifest.xml:10:13-71
219            android:exported="false"
219-->[:react-native-image-picker] AndroidManifest.xml:11:13-37
220            android:grantUriPermissions="true" >
220-->[:react-native-image-picker] AndroidManifest.xml:12:13-47
221            <meta-data
221-->[:react-native-blob-util] AndroidManifest.xml:40:13-42:58
222                android:name="android.support.FILE_PROVIDER_PATHS"
222-->[:react-native-blob-util] AndroidManifest.xml:41:17-67
223                android:resource="@xml/imagepicker_provider_paths" />
223-->[:react-native-blob-util] AndroidManifest.xml:42:17-55
224        </provider>
225        <provider
225-->[:react-native-performance] AndroidManifest.xml:8:9-12:39
226            android:name="com.oblador.performance.StartTimeProvider"
226-->[:react-native-performance] AndroidManifest.xml:9:13-69
227            android:authorities="com.Neurom.start.time.provider"
227-->[:react-native-performance] AndroidManifest.xml:10:13-71
228            android:exported="false"
228-->[:react-native-performance] AndroidManifest.xml:11:13-37
229            android:initOrder="200" />
229-->[:react-native-performance] AndroidManifest.xml:12:13-36
230        <provider
230-->[:react-native-share] AndroidManifest.xml:8:9-16:20
231            android:name="cl.json.RNShareFileProvider"
231-->[:react-native-share] AndroidManifest.xml:9:13-55
232            android:authorities="com.Neurom.rnshare.fileprovider"
232-->[:react-native-share] AndroidManifest.xml:10:13-72
233            android:exported="false"
233-->[:react-native-share] AndroidManifest.xml:11:13-37
234            android:grantUriPermissions="true" >
234-->[:react-native-share] AndroidManifest.xml:12:13-47
235            <meta-data
235-->[:react-native-blob-util] AndroidManifest.xml:40:13-42:58
236                android:name="android.support.FILE_PROVIDER_PATHS"
236-->[:react-native-blob-util] AndroidManifest.xml:41:17-67
237                android:resource="@xml/share_download_paths" />
237-->[:react-native-blob-util] AndroidManifest.xml:42:17-55
238        </provider> <!-- The main service, handles playback, playlists and media buttons -->
239        <service
239-->[:react-native-track-player] AndroidManifest.xml:14:9-22:19
240            android:name="com.doublesymmetry.trackplayer.service.MusicService"
240-->[:react-native-track-player] AndroidManifest.xml:15:13-79
241            android:enabled="true"
241-->[:react-native-track-player] AndroidManifest.xml:16:13-35
242            android:exported="true"
242-->[:react-native-track-player] AndroidManifest.xml:17:13-36
243            android:foregroundServiceType="mediaPlayback" >
243-->[:react-native-track-player] AndroidManifest.xml:18:13-58
244            <intent-filter>
244-->[:react-native-track-player] AndroidManifest.xml:19:13-21:29
245                <action android:name="android.intent.action.MEDIA_BUTTON" />
245-->[:react-native-track-player] AndroidManifest.xml:20:17-77
245-->[:react-native-track-player] AndroidManifest.xml:20:25-74
246            </intent-filter>
247        </service>
248
249        <provider
249-->[androidx.work:work-runtime:2.8.0] AndroidManifest.xml:29:9-37:20
250            android:name="androidx.startup.InitializationProvider"
250-->[androidx.work:work-runtime:2.8.0] AndroidManifest.xml:30:13-67
251            android:authorities="com.Neurom.androidx-startup"
251-->[androidx.work:work-runtime:2.8.0] AndroidManifest.xml:31:13-68
252            android:exported="false" >
252-->[androidx.work:work-runtime:2.8.0] AndroidManifest.xml:32:13-37
253            <meta-data
253-->[androidx.work:work-runtime:2.8.0] AndroidManifest.xml:34:13-36:52
254                android:name="androidx.work.WorkManagerInitializer"
254-->[androidx.work:work-runtime:2.8.0] AndroidManifest.xml:35:17-68
255                android:value="androidx.startup" />
255-->[androidx.work:work-runtime:2.8.0] AndroidManifest.xml:36:17-49
256            <meta-data
256-->[androidx.emoji2:emoji2:1.3.0] AndroidManifest.xml:29:13-31:52
257                android:name="androidx.emoji2.text.EmojiCompatInitializer"
257-->[androidx.emoji2:emoji2:1.3.0] AndroidManifest.xml:30:17-75
258                android:value="androidx.startup" />
258-->[androidx.emoji2:emoji2:1.3.0] AndroidManifest.xml:31:17-49
259            <meta-data
259-->[androidx.lifecycle:lifecycle-process:2.8.7] AndroidManifest.xml:29:13-31:52
260                android:name="androidx.lifecycle.ProcessLifecycleInitializer"
260-->[androidx.lifecycle:lifecycle-process:2.8.7] AndroidManifest.xml:30:17-78
261                android:value="androidx.startup" />
261-->[androidx.lifecycle:lifecycle-process:2.8.7] AndroidManifest.xml:31:17-49
262            <meta-data
262-->[androidx.profileinstaller:profileinstaller:1.4.1] AndroidManifest.xml:29:13-31:52
263                android:name="androidx.profileinstaller.ProfileInstallerInitializer"
263-->[androidx.profileinstaller:profileinstaller:1.4.1] AndroidManifest.xml:30:17-85
264                android:value="androidx.startup" />
264-->[androidx.profileinstaller:profileinstaller:1.4.1] AndroidManifest.xml:31:17-49
265        </provider>
266
267        <service
267-->[androidx.work:work-runtime:2.8.0] AndroidManifest.xml:39:9-45:35
268            android:name="androidx.work.impl.background.systemalarm.SystemAlarmService"
268-->[androidx.work:work-runtime:2.8.0] AndroidManifest.xml:40:13-88
269            android:directBootAware="false"
269-->[androidx.work:work-runtime:2.8.0] AndroidManifest.xml:41:13-44
270            android:enabled="@bool/enable_system_alarm_service_default"
270-->[androidx.work:work-runtime:2.8.0] AndroidManifest.xml:42:13-72
271            android:exported="false" />
271-->[androidx.work:work-runtime:2.8.0] AndroidManifest.xml:43:13-37
272        <service
272-->[androidx.work:work-runtime:2.8.0] AndroidManifest.xml:46:9-52:35
273            android:name="androidx.work.impl.background.systemjob.SystemJobService"
273-->[androidx.work:work-runtime:2.8.0] AndroidManifest.xml:47:13-84
274            android:directBootAware="false"
274-->[androidx.work:work-runtime:2.8.0] AndroidManifest.xml:48:13-44
275            android:enabled="@bool/enable_system_job_service_default"
275-->[androidx.work:work-runtime:2.8.0] AndroidManifest.xml:49:13-70
276            android:exported="true"
276-->[androidx.work:work-runtime:2.8.0] AndroidManifest.xml:50:13-36
277            android:permission="android.permission.BIND_JOB_SERVICE" />
277-->[androidx.work:work-runtime:2.8.0] AndroidManifest.xml:51:13-69
278        <service
278-->[androidx.work:work-runtime:2.8.0] AndroidManifest.xml:53:9-59:35
279            android:name="androidx.work.impl.foreground.SystemForegroundService"
279-->[androidx.work:work-runtime:2.8.0] AndroidManifest.xml:54:13-81
280            android:directBootAware="false"
280-->[androidx.work:work-runtime:2.8.0] AndroidManifest.xml:55:13-44
281            android:enabled="@bool/enable_system_foreground_service_default"